file /home/marvind/Desktop/Programs/tsunami_lab/SConstruct,line 76:
	Configure(confdir = .sconf_temp)
scons: Configure: Checking for C library netcdf... 
scons: Configure: ".sconf_temp/conftest_e492448966d6e04631c094ba6d6e8a32_0.c" is up to date.
scons: Configure: The original builder output was:
  |.sconf_temp/conftest_e492448966d6e04631c094ba6d6e8a32_0.c <-
  |  |
  |  |
  |  |
  |  |int main(void) {
  |  |  
  |  |return 0;
  |  |}
  |  |
  |
scons: Configure: ".sconf_temp/conftest_e492448966d6e04631c094ba6d6e8a32_0.o" is up to date.
scons: Configure: The original builder output was:
  |gcc -o .sconf_temp/conftest_e492448966d6e04631c094ba6d6e8a32_0.o -c -Isubmodules/yaml-cpp/include .sconf_temp/conftest_e492448966d6e04631c094ba6d6e8a32_0.c
  |
scons: Configure: ".sconf_temp/conftest_e492448966d6e04631c094ba6d6e8a32_0_e8c23c3b9abe5ae8a766772bb3fbdb88" is up to date.
scons: Configure: The original builder output was:
  |gcc -o .sconf_temp/conftest_e492448966d6e04631c094ba6d6e8a32_0_e8c23c3b9abe5ae8a766772bb3fbdb88 .sconf_temp/conftest_e492448966d6e04631c094ba6d6e8a32_0.o -Lsubmodules/yaml-cpp/build -lyaml-cpp -lnetcdf
  |
scons: Configure: (cached) yes

